2026-03-26 11:20:01 [INFO] JCF Alert News Dashboard starting up
2026-03-26 11:20:16 [INFO] [DB] Connected OK
2026-03-26 11:20:16 [INFO] [Fetch] Starting: 146 feeds
2026-03-26 11:20:22 [INFO] [RSS] TOI Business: 20 items
2026-03-26 11:20:22 [INFO] [RSS] Money Control: 15 items
2026-03-26 11:20:23 [WARNING] [RSS] Financial Express: HTTP 410 (gone) — https://www.financialexpress.com/feed/
2026-03-26 11:20:23 [INFO] [RSS] TOI India: 20 items
2026-03-26 11:20:25 [INFO] [RSS] Mint: 35 items
2026-03-26 11:20:25 [INFO] [RSS] NDTV India: 20 items
2026-03-26 11:20:25 [WARNING] [RSS] Business Standard: 404 Not Found — https://feeds.feedburner.com/business-standard/pFxy
2026-03-26 11:20:26 [WARNING] [RSS] HT Business: 404 Not Found — https://feeds.feedburner.com/HindustanTimesBusiness
2026-03-26 11:20:27 [INFO] [RSS] NDTV Top Stories: 20 items
2026-03-26 11:20:29 [INFO] [RSS] ET Markets: 50 items
2026-03-26 11:20:29 [INFO] [RSS] Times of India: 20 items
2026-03-26 11:20:29 [INFO] [RSS] Economic Times: 76 items
2026-03-26 11:20:29 [INFO] [RSS] The Hindu: 60 items
2026-03-26 11:20:31 [INFO] [RSS] News18 India: 200 items
2026-03-26 11:20:32 [INFO] [RSS] Indian Express: 200 items
2026-03-26 11:20:33 [INFO] [RSS] India TV: 20 items
2026-03-26 11:20:33 [INFO] [RSS] IE Business: 200 items
2026-03-26 11:20:33 [INFO] [RSS] India Today: 128 items
2026-03-26 11:20:34 [WARNING] [RSS] Telegraph India: 404 Not Found — https://feeds.feedburner.com/telegraphindia/AWHH
2026-03-26 11:20:35 [INFO] [RSS] News18 India: 200 items
2026-03-26 11:20:37 [INFO] [RSS] Greater Kashmir: 10 items
2026-03-26 11:20:37 [INFO] [RSS] Google: OK on retry 2 — 38 items
2026-03-26 11:20:37 [INFO] [RSS] Google: 38 items
2026-03-26 11:20:39 [INFO] [RSS] Rediff News: 51 items
2026-03-26 11:20:39 [INFO] [RSS] Odisha TV: 50 items
2026-03-26 11:20:39 [INFO] [RSS] TOI Chennai: 20 items
2026-03-26 11:20:39 [INFO] [RSS] NDTV Business: OK on retry 2 — 20 items
2026-03-26 11:20:39 [INFO] [RSS] NDTV Business: 20 items
2026-03-26 11:20:40 [INFO] [RSS] TOI Delhi: 20 items
2026-03-26 11:20:40 [INFO] [RSS] Public TV Karnataka: 10 items
2026-03-26 11:20:40 [INFO] [RSS] TOI Mumbai: 20 items
2026-03-26 11:20:40 [INFO] [RSS] TOI Hyderabad: 20 items
2026-03-26 11:20:40 [INFO] [RSS] Asianet News Kerala: 20 items
2026-03-26 11:20:41 [INFO] [RSS] TOI Kolkata: 20 items
2026-03-26 11:20:42 [INFO] [RSS] TOI Bangalore: 20 items
2026-03-26 11:20:43 [INFO] [RSS] Lokmat: 100 items
2026-03-26 11:20:47 [INFO] [RSS] USGS Earthquake: 251 items
2026-03-26 11:20:48 [INFO] [RSS] POSOCO Grid Operator: 50 items
2026-03-26 11:20:48 [INFO] [RSS] Telangana Today: 500 items
2026-03-26 11:20:48 [INFO] [RSS] PowerGrid Corporation: 100 items
2026-03-26 11:20:49 [INFO] [RSS] OneIndia: 30 items
2026-03-26 11:20:50 [INFO] [RSS] RBI Press Releases: 80 items
2026-03-26 11:20:50 [INFO] [RSS] PRS Legislative: 38 items
2026-03-26 11:20:51 [INFO] [RSS] SEBI News: 30 items
2026-03-26 11:20:51 [INFO] [RSS] Energy News India: 10 items
2026-03-26 11:20:51 [INFO] [RSS] WHO News: 25 items
2026-03-26 11:20:53 [INFO] [RSS] GDACS Disaster: 100 items
2026-03-26 11:20:53 [INFO] [RSS] TANGEDCO Tamil Nadu: 100 items
2026-03-26 11:20:53 [INFO] [RSS] MSEDCL Maharashtra: 100 items
2026-03-26 11:20:54 [INFO] LOGIN user=admin ip=127.0.0.1 device=Laptop/PC os=Windows browser=Edge
2026-03-26 11:20:54 [INFO] [RSS] ReliefWeb India: 20 items
2026-03-26 11:20:55 [INFO] [RSS] HESCOM Power News: 16 items
2026-03-26 11:20:56 [INFO] [RSS] CESC Kolkata: 42 items
2026-03-26 11:20:56 [INFO] [RSS] TSSPDCL Telangana: 100 items
2026-03-26 11:20:56 [INFO] [RSS] BESCOM Power Cut News: 100 items
2026-03-26 11:20:56 [WARNING] [RSS] Power TV Kannada: Connection error — https://powertvnews.com/feed
2026-03-26 11:20:57 [INFO] [RSS] MESCOM Power News: 40 items
2026-03-26 11:21:01 [INFO] [RSS] TV9 Telugu: 59 items
2026-03-26 11:21:02 [WARNING] [RSS] Saam TV: HTTP 410 (gone) — https://saamtv.esakal.com/rss
2026-03-26 11:21:03 [INFO] [RSS] Thanthi TV: 62 items
2026-03-26 11:21:03 [INFO] [RSS] TV9 Marathi: 60 items
2026-03-26 11:21:06 [INFO] [RSS] TV9 Gujarati: 50 items
2026-03-26 11:21:06 [INFO] [RSS] ABP Majha: 100 items
2026-03-26 11:21:06 [INFO] [RSS] Zepto Blog: 10 items
2026-03-26 11:21:06 [INFO] [RSS] 24 News Malayalam: 10 items
2026-03-26 11:21:07 [INFO] [RSS] V6 News Telangana: 50 items
2026-03-26 11:21:09 [INFO] [RSS] Swiggy Blog: 10 items
2026-03-26 11:21:09 [INFO] [RSS] Zee 24 Ghanta: 100 items
2026-03-26 11:21:09 [INFO] [RSS] TV9 Kannada: 60 items
2026-03-26 11:21:10 [INFO] [RSS] ABP Asmita: 100 items
2026-03-26 11:21:11 [INFO] [RSS] Google News India: 38 items
2026-03-26 11:21:13 [INFO] [RSS] NTV Telugu: 60 items
2026-03-26 11:21:13 [WARNING] [RSS] Zepto Blog: Connection error — https://www.zepto.co.in/blog/feed
2026-03-26 11:21:15 [INFO] [RSS] Google News World: 38 items
2026-03-26 11:21:15 [INFO] [RSS] JioMart Updates: 51 items
2026-03-26 11:21:17 [INFO] [RSS] Grofers Milkbasket: 100 items
2026-03-26 11:21:18 [INFO] [RSS] Reddit World News: 25 items
2026-03-26 11:21:19 [INFO] [RSS] Flipkart Minutes: 100 items
2026-03-26 11:21:20 [INFO] [RSS] Yahoo News World: 50 items
2026-03-26 11:21:20 [INFO] [RSS] Bing News India: 8 items
2026-03-26 11:21:20 [INFO] [RSS] Kalaignar Seithigal: 1 items
2026-03-26 11:21:21 [INFO] [RSS] Sakshi TV: OK on retry 2 — 53 items
2026-03-26 11:21:21 [INFO] [RSS] Sakshi TV: 53 items
2026-03-26 11:21:22 [INFO] [RSS] Reddit India: 25 items
2026-03-26 11:21:22 [INFO] [RSS] IMD Weather Alerts: 1 items
2026-03-26 11:21:24 [INFO] [RSS] Arunachal Pradesh Disaster: 70 items
2026-03-26 11:21:25 [INFO] [RSS] Blinkit Blog: 10 items
2026-03-26 11:21:26 [INFO] [RSS] Assam Disaster Alerts: 68 items
2026-03-26 11:21:27 [INFO] [RSS] Bihar Disaster Alerts: 7 items
2026-03-26 11:21:27 [WARNING] [RSS] Zee News: HTTP 403 — https://zeenews.india.com/rss/india.xml
2026-03-26 11:21:29 [INFO] [RSS] HP Disaster Alerts: 100 items
2026-03-26 11:21:29 [INFO] [RSS] MP Disaster Alerts: 1 items
2026-03-26 11:21:30 [INFO] [RSS] Kerala Disaster Alerts: 32 items
2026-03-26 11:21:30 [INFO] [RSS] Karnataka Disaster Alerts: 49 items
2026-03-26 11:21:33 [INFO] [RSS] Mizoram Disaster Alerts: 52 items
2026-03-26 11:21:33 [INFO] [RSS] Manipur Disaster Alerts: 78 items
2026-03-26 11:21:33 [INFO] [RSS] Meghalaya Disaster Alerts: 52 items
2026-03-26 11:21:34 [INFO] [RSS] Odisha Disaster Alerts: 25 items
2026-03-26 11:21:35 [INFO] [RSS] Punjab Disaster Alerts: 11 items
2026-03-26 11:21:36 [INFO] [RSS] Rajasthan Disaster Alerts: 32 items
2026-03-26 11:21:36 [INFO] [RSS] Sikkim Disaster Alerts: 53 items
2026-03-26 11:21:36 [WARNING] [RSS] Sun News Tamil: Connection error — https://sunnewslive.in/feed
2026-03-26 11:21:37 [INFO] [RSS] Tamil Nadu Disaster Alerts: 9 items
2026-03-26 11:21:37 [INFO] [RSS] Amazon Fresh India: OK on retry 2 — 100 items
2026-03-26 11:21:37 [INFO] [RSS] Amazon Fresh India: 100 items
2026-03-26 11:21:37 [INFO] [RSS] Nagaland Disaster Alerts: 54 items
2026-03-26 11:21:37 [INFO] [RSS] AP Disaster Alerts: OK on retry 2 — 34 items
2026-03-26 11:21:38 [INFO] [RSS] AP Disaster Alerts: 34 items
2026-03-26 11:21:38 [INFO] [RSS] Telangana Disaster Alerts: 2 items
2026-03-26 11:21:38 [INFO] [RSS] UP Disaster Alerts: 6 items
2026-03-26 11:21:38 [INFO] [RSS] Tripura Disaster Alerts: 57 items
2026-03-26 11:21:40 [INFO] [RSS] Uttarakhand Disaster Alerts: 61 items
2026-03-26 11:21:41 [INFO] [RSS] Andaman Nicobar Alerts: 43 items
2026-03-26 11:21:41 [INFO] [RSS] Chandigarh Alerts: 60 items
2026-03-26 11:21:41 [INFO] [RSS] Delhi Disaster Alerts: 5 items
2026-03-26 11:21:41 [WARNING] [RSS] Yahoo India News: HTTP 500 — https://in.news.yahoo.com/rss/
2026-03-26 11:21:41 [INFO] [RSS] Puducherry Disaster Alerts: 28 items
2026-03-26 11:21:42 [INFO] [RSS] Gujarat Disaster Alerts: OK on retry 2 — 9 items
2026-03-26 11:21:42 [INFO] [RSS] Gujarat Disaster Alerts: 9 items
2026-03-26 11:21:42 [INFO] [RSS] Chhattisgarh Disaster Alerts: OK on retry 2 — 5 items
2026-03-26 11:21:42 [INFO] [RSS] Chhattisgarh Disaster Alerts: 5 items
2026-03-26 11:21:42 [INFO] [RSS] Haryana Disaster Alerts: OK on retry 2 — 1 items
2026-03-26 11:21:42 [INFO] [RSS] Haryana Disaster Alerts: 1 items
2026-03-26 11:21:42 [INFO] [RSS] Goa Disaster Alerts: OK on retry 2 — 38 items
2026-03-26 11:21:42 [INFO] [RSS] Goa Disaster Alerts: 38 items
2026-03-26 11:21:44 [INFO] [RSS] DNH Daman Diu Alerts: 38 items
2026-03-26 11:21:44 [INFO] [RSS] Ladakh Disaster Alerts: 9 items
2026-03-26 11:21:44 [INFO] [RSS] Lakshadweep Alerts: 26 items
2026-03-26 11:21:44 [INFO] [RSS] JK Disaster Alerts: 46 items
2026-03-26 11:21:49 [WARNING] [RSS] PIB Government Releases: 404 Not Found — https://pib.gov.in/rssfeed/rssfeeds.aspx
2026-03-26 11:22:08 [INFO] [Fetch] Complete: +1353 new articles saved | 2026-03-26 11:22:08
2026-03-26 11:27:08 [INFO] [Fetch] Starting: 146 feeds
2026-03-26 11:27:11 [INFO] [RSS] Google: 38 items
2026-03-26 11:27:11 [INFO] [RSS] Mint: 35 items
2026-03-26 11:27:12 [INFO] [RSS] TOI India: 20 items
2026-03-26 11:27:12 [INFO] [RSS] Economic Times: 76 items
2026-03-26 11:27:12 [INFO] [RSS] NDTV Top Stories: 20 items
2026-03-26 11:27:12 [INFO] [RSS] Indian Express: 200 items
2026-03-26 11:27:13 [INFO] [RSS] News18 India: 200 items
2026-03-26 11:27:13 [WARNING] [RSS] HT Business: 404 Not Found — https://feeds.feedburner.com/HindustanTimesBusiness
2026-03-26 11:27:13 [INFO] [RSS] Times of India: 20 items
2026-03-26 11:27:13 [INFO] [RSS] NDTV Business: 20 items
2026-03-26 11:27:14 [INFO] [RSS] TOI Business: 20 items
2026-03-26 11:27:14 [INFO] [RSS] Money Control: 15 items
2026-03-26 11:27:14 [INFO] [RSS] ET Markets: 50 items
2026-03-26 11:27:14 [INFO] [RSS] The Hindu: 60 items
2026-03-26 11:27:15 [INFO] [RSS] IE Business: 200 items
2026-03-26 11:27:15 [WARNING] [RSS] Business Standard: 404 Not Found — https://feeds.feedburner.com/business-standard/pFxy
2026-03-26 11:27:15 [INFO] [RSS] NDTV India: 20 items
2026-03-26 11:27:17 [INFO] [RSS] India Today: 128 items
2026-03-26 11:27:17 [INFO] [RSS] India TV: 20 items
2026-03-26 11:27:17 [INFO] [RSS] News18 India: 200 items
2026-03-26 11:27:18 [WARNING] [RSS] Telegraph India: 404 Not Found — https://feeds.feedburner.com/telegraphindia/AWHH
2026-03-26 11:27:19 [INFO] [RSS] Rediff News: 51 items
2026-03-26 11:27:20 [INFO] [RSS] TOI Chennai: 20 items
2026-03-26 11:27:20 [INFO] [RSS] Public TV Karnataka: 10 items
2026-03-26 11:27:21 [INFO] [RSS] TOI Delhi: 20 items
2026-03-26 11:27:21 [INFO] [RSS] TOI Hyderabad: 20 items
2026-03-26 11:27:21 [INFO] [RSS] Asianet News Kerala: 21 items
2026-03-26 11:27:21 [INFO] [RSS] TOI Bangalore: 20 items
2026-03-26 11:27:22 [INFO] [RSS] TOI Mumbai: 20 items
2026-03-26 11:27:22 [INFO] [RSS] TOI Kolkata: 20 items
2026-03-26 11:27:23 [INFO] [RSS] Greater Kashmir: 10 items
2026-03-26 11:27:23 [INFO] [RSS] Odisha TV: 50 items
2026-03-26 11:27:23 [INFO] [RSS] OneIndia: 30 items
2026-03-26 11:27:23 [INFO] [RSS] Lokmat: 100 items
2026-03-26 11:27:26 [INFO] [RSS] USGS Earthquake: 252 items
2026-03-26 11:27:27 [INFO] [RSS] WHO News: 25 items
2026-03-26 11:27:27 [INFO] [RSS] PRS Legislative: 38 items
2026-03-26 11:27:27 [INFO] [RSS] GDACS Disaster: 100 items
2026-03-26 11:27:27 [INFO] [RSS] Energy News India: 10 items
2026-03-26 11:27:27 [INFO] [RSS] SEBI News: 30 items
2026-03-26 11:27:27 [INFO] [RSS] ReliefWeb India: 20 items
2026-03-26 11:27:28 [INFO] [RSS] RBI Press Releases: 80 items
2026-03-26 11:27:29 [INFO] [RSS] PowerGrid Corporation: 100 items
2026-03-26 11:27:29 [INFO] [RSS] POSOCO Grid Operator: 50 items
2026-03-26 11:27:30 [INFO] [RSS] MSEDCL Maharashtra: 100 items
2026-03-26 11:27:32 [INFO] [RSS] TANGEDCO Tamil Nadu: 100 items
2026-03-26 11:27:34 [INFO] [RSS] CESC Kolkata: 36 items
2026-03-26 11:27:35 [INFO] [RSS] Zepto Blog: 10 items
2026-03-26 11:27:36 [INFO] [RSS] Telangana Today: 500 items
2026-03-26 11:27:36 [INFO] [RSS] TSSPDCL Telangana: 100 items
2026-03-26 11:27:36 [INFO] [RSS] TV9 Kannada: 60 items
2026-03-26 11:27:37 [INFO] [RSS] BESCOM Power Cut News: 100 items
2026-03-26 11:27:37 [WARNING] [RSS] Power TV Kannada: Connection error — https://powertvnews.com/feed
2026-03-26 11:27:38 [INFO] [RSS] HESCOM Power News: 16 items
2026-03-26 11:27:38 [INFO] [RSS] Thanthi TV: 81 items
2026-03-26 11:27:38 [INFO] [RSS] MESCOM Power News: 40 items
2026-03-26 11:27:40 [INFO] [RSS] Kalaignar Seithigal: 1 items
2026-03-26 11:27:40 [INFO] [RSS] 24 News Malayalam: 10 items
2026-03-26 11:27:41 [INFO] [RSS] TV9 Telugu: 59 items
2026-03-26 11:27:42 [INFO] [RSS] Swiggy Blog: 10 items
2026-03-26 11:27:43 [INFO] [RSS] NTV Telugu: 60 items
2026-03-26 11:27:43 [INFO] [RSS] Sakshi TV: 53 items
2026-03-26 11:27:44 [INFO] [RSS] V6 News Telangana: 50 items
2026-03-26 11:27:44 [WARNING] [RSS] Zee News: HTTP 403 — https://zeenews.india.com/rss/india.xml
2026-03-26 11:27:45 [INFO] [RSS] TV9 Gujarati: 50 items
2026-03-26 11:27:45 [INFO] [RSS] ABP Asmita: 98 items
2026-03-26 11:27:45 [INFO] [RSS] Google News India: 38 items
2026-03-26 11:27:46 [INFO] [RSS] ABP Majha: 100 items
2026-03-26 11:27:47 [INFO] [RSS] Yahoo News World: 50 items
2026-03-26 11:27:47 [WARNING] [RSS] Sun News Tamil: Connection error — https://sunnewslive.in/feed
2026-03-26 11:27:47 [INFO] [RSS] Google News World: 38 items
2026-03-26 11:27:49 [WARNING] [RSS] Zepto Blog: Connection error — https://www.zepto.co.in/blog/feed
2026-03-26 11:27:50 [INFO] [RSS] TV9 Marathi: 60 items
2026-03-26 11:27:50 [INFO] [RSS] Zee 24 Ghanta: 100 items
2026-03-26 11:27:51 [INFO] [RSS] JioMart Updates: 51 items
2026-03-26 11:27:52 [INFO] [RSS] Grofers Milkbasket: 100 items
2026-03-26 11:27:53 [INFO] [RSS] Amazon Fresh India: 100 items
2026-03-26 11:27:54 [INFO] [RSS] Flipkart Minutes: 100 items
2026-03-26 11:27:56 [INFO] [RSS] AP Disaster Alerts: 34 items
2026-03-26 11:27:56 [INFO] [RSS] Gujarat Disaster Alerts: 9 items
2026-03-26 11:27:56 [INFO] [RSS] IMD Weather Alerts: 1 items
2026-03-26 11:27:56 [INFO] [RSS] Haryana Disaster Alerts: 1 items
2026-03-26 11:27:57 [INFO] [RSS] Blinkit Blog: 10 items
2026-03-26 11:27:58 [INFO] [RSS] Arunachal Pradesh Disaster: 70 items
2026-03-26 11:27:58 [INFO] [RSS] Reddit India: 25 items
2026-03-26 11:27:59 [INFO] [RSS] Assam Disaster Alerts: 68 items
2026-03-26 11:27:59 [INFO] [RSS] HP Disaster Alerts: 100 items
2026-03-26 11:27:59 [INFO] [RSS] Bihar Disaster Alerts: 7 items
2026-03-26 11:27:59 [WARNING] [RSS] PIB Government Releases: 404 Not Found — https://pib.gov.in/rssfeed/rssfeeds.aspx
2026-03-26 11:27:59 [INFO] [RSS] Chhattisgarh Disaster Alerts: 5 items
2026-03-26 11:27:59 [INFO] [RSS] Karnataka Disaster Alerts: 49 items
2026-03-26 11:28:00 [INFO] [RSS] MP Disaster Alerts: 1 items
2026-03-26 11:28:00 [INFO] [RSS] Goa Disaster Alerts: 38 items
2026-03-26 11:28:00 [INFO] [RSS] Reddit World News: 25 items
2026-03-26 11:28:01 [INFO] [RSS] Kerala Disaster Alerts: 32 items
2026-03-26 11:28:02 [INFO] [RSS] Meghalaya Disaster Alerts: 52 items
2026-03-26 11:28:02 [INFO] [RSS] Nagaland Disaster Alerts: 52 items
2026-03-26 11:28:03 [INFO] [RSS] Manipur Disaster Alerts: 78 items
2026-03-26 11:28:04 [INFO] [RSS] Odisha Disaster Alerts: 25 items
2026-03-26 11:28:04 [INFO] [RSS] Mizoram Disaster Alerts: 52 items
2026-03-26 11:28:04 [INFO] [RSS] Punjab Disaster Alerts: 11 items
2026-03-26 11:28:05 [INFO] [RSS] Rajasthan Disaster Alerts: 32 items
2026-03-26 11:28:05 [INFO] [RSS] Telangana Disaster Alerts: 2 items
2026-03-26 11:28:05 [INFO] [RSS] Tamil Nadu Disaster Alerts: 9 items
2026-03-26 11:28:05 [INFO] [RSS] UP Disaster Alerts: 6 items
2026-03-26 11:28:05 [INFO] [RSS] Andaman Nicobar Alerts: 43 items
2026-03-26 11:28:05 [INFO] [RSS] Delhi Disaster Alerts: 5 items
2026-03-26 11:28:06 [INFO] [RSS] Tripura Disaster Alerts: 51 items
2026-03-26 11:28:06 [INFO] [RSS] Sikkim Disaster Alerts: 53 items
2026-03-26 11:28:06 [INFO] [RSS] Ladakh Disaster Alerts: 9 items
2026-03-26 11:28:06 [INFO] [RSS] Uttarakhand Disaster Alerts: 99 items
2026-03-26 11:28:06 [INFO] [RSS] Lakshadweep Alerts: 26 items
2026-03-26 11:28:06 [INFO] [RSS] Chandigarh Alerts: 60 items
2026-03-26 11:28:07 [INFO] [RSS] DNH Daman Diu Alerts: 38 items
2026-03-26 11:28:07 [INFO] [RSS] JK Disaster Alerts: 46 items
2026-03-26 11:28:07 [INFO] [RSS] Puducherry Disaster Alerts: 28 items
2026-03-26 11:28:17 [INFO] [Fetch] Complete: +75 new articles saved | 2026-03-26 11:28:17
2026-03-26 11:33:17 [INFO] [Fetch] Starting: 146 feeds
2026-03-26 11:33:26 [INFO] [RSS] Economic Times: 76 items
2026-03-26 11:33:26 [INFO] [RSS] ET Markets: 50 items
2026-03-26 11:33:26 [INFO] [RSS] Indian Express: 200 items
2026-03-26 11:33:27 [INFO] [RSS] The Hindu: 60 items
2026-03-26 11:33:27 [INFO] [RSS] Times of India: 20 items
2026-03-26 11:33:28 [INFO] [RSS] IE Business: 200 items
2026-03-26 11:33:28 [INFO] [RSS] Google: 38 items
2026-03-26 11:33:29 [INFO] [RSS] TOI India: 20 items
2026-03-26 11:33:29 [INFO] [RSS] Mint: 35 items
2026-03-26 11:33:29 [WARNING] [RSS] HT Business: 404 Not Found — https://feeds.feedburner.com/HindustanTimesBusiness
2026-03-26 11:33:29 [INFO] [RSS] News18 India: 200 items
2026-03-26 11:33:29 [INFO] [RSS] NDTV India: 20 items
2026-03-26 11:33:29 [INFO] [RSS] NDTV Top Stories: 20 items
2026-03-26 11:33:29 [WARNING] [RSS] Business Standard: 404 Not Found — https://feeds.feedburner.com/business-standard/pFxy
2026-03-26 11:33:29 [INFO] [RSS] TOI Business: 20 items
2026-03-26 11:33:30 [INFO] [RSS] NDTV Business: 20 items
2026-03-26 11:33:30 [INFO] [RSS] Money Control: 15 items
2026-03-26 11:33:35 [INFO] [RSS] India Today: 128 items
2026-03-26 11:33:35 [INFO] [RSS] India TV: 20 items
2026-03-26 11:33:36 [INFO] [RSS] News18 India: 200 items
2026-03-26 11:33:37 [WARNING] [RSS] Telegraph India: 404 Not Found — https://feeds.feedburner.com/telegraphindia/AWHH
2026-03-26 11:33:38 [INFO] [RSS] Lokmat: 100 items
2026-03-26 11:33:39 [INFO] [RSS] Odisha TV: 50 items
2026-03-26 11:33:39 [INFO] [RSS] Rediff News: 51 items
2026-03-26 11:33:39 [INFO] [RSS] Asianet News Kerala: 33 items
2026-03-26 11:33:39 [INFO] [RSS] Public TV Karnataka: 10 items
2026-03-26 11:33:39 [INFO] [RSS] Greater Kashmir: 10 items
2026-03-26 11:33:40 [INFO] [RSS] TOI Bangalore: 20 items
2026-03-26 11:33:41 [INFO] [RSS] TOI Chennai: 20 items
2026-03-26 11:33:41 [INFO] [RSS] TOI Hyderabad: 20 items
2026-03-26 11:33:42 [INFO] [RSS] TOI Delhi: 20 items
2026-03-26 11:33:42 [INFO] [RSS] TOI Mumbai: 20 items
2026-03-26 11:33:45 [INFO] [RSS] TOI Kolkata: 20 items
2026-03-26 11:33:46 [INFO] [RSS] OneIndia: 30 items
2026-03-26 11:33:49 [INFO] [RSS] USGS Earthquake: 253 items
2026-03-26 11:33:49 [INFO] [RSS] ReliefWeb India: 20 items
2026-03-26 11:33:49 [INFO] [RSS] WHO News: 25 items
2026-03-26 11:33:50 [INFO] [RSS] POSOCO Grid Operator: 50 items
2026-03-26 11:33:51 [INFO] [RSS] SEBI News: 30 items
2026-03-26 11:33:52 [INFO] [RSS] PowerGrid Corporation: 100 items
2026-03-26 11:33:53 [INFO] [RSS] PRS Legislative: 38 items
2026-03-26 11:33:54 [INFO] [RSS] MSEDCL Maharashtra: 100 items
2026-03-26 11:33:55 [INFO] [RSS] TANGEDCO Tamil Nadu: 100 items
2026-03-26 11:33:57 [INFO] [RSS] Telangana Today: 500 items
2026-03-26 11:33:59 [INFO] [RSS] MESCOM Power News: 50 items
2026-03-26 11:34:00 [INFO] [RSS] CESC Kolkata: 42 items
2026-03-26 11:34:00 [INFO] [RSS] RBI Press Releases: 80 items
2026-03-26 11:34:00 [WARNING] [RSS] PIB Press Release: 404 Not Found — https://pib.gov.in/rss.aspx
2026-03-26 11:34:01 [INFO] [RSS] Energy News India: 10 items
2026-03-26 11:34:02 [WARNING] [RSS] Zee News: HTTP 403 — https://zeenews.india.com/rss/india.xml
2026-03-26 11:34:04 [INFO] [RSS] GDACS Disaster: 100 items
2026-03-26 11:34:04 [INFO] [RSS] Zepto Blog: 10 items
2026-03-26 11:34:04 [WARNING] [RSS] Power TV Kannada: Connection error — https://powertvnews.com/feed
2026-03-26 11:34:05 [INFO] [RSS] TSSPDCL Telangana: 100 items
2026-03-26 11:34:05 [INFO] [RSS] HESCOM Power News: 16 items
2026-03-26 11:34:08 [INFO] [RSS] BESCOM Power Cut News: 100 items
2026-03-26 11:34:09 [INFO] [RSS] TV9 Kannada: 60 items
2026-03-26 11:34:09 [INFO] [RSS] 24 News Malayalam: 10 items
2026-03-26 11:34:12 [INFO] [RSS] Sakshi TV: 54 items
2026-03-26 11:34:12 [INFO] [RSS] Thanthi TV: 81 items
2026-03-26 11:34:14 [INFO] [RSS] V6 News Telangana: 50 items
2026-03-26 11:34:15 [INFO] [RSS] TV9 Marathi: 60 items
2026-03-26 11:34:18 [WARNING] [RSS] Sun News Tamil: Connection error — https://sunnewslive.in/feed
2026-03-26 11:34:18 [INFO] [RSS] Kalaignar Seithigal: 1 items
2026-03-26 11:34:19 [INFO] [RSS] TV9 Telugu: 60 items
2026-03-26 11:34:20 [INFO] [RSS] Zee 24 Ghanta: 100 items
2026-03-26 11:34:20 [INFO] [RSS] NTV Telugu: 60 items
2026-03-26 11:34:24 [INFO] [RSS] Swiggy Blog: 10 items
2026-03-26 11:34:24 [INFO] [RSS] Google News India: 38 items
2026-03-26 11:34:25 [WARNING] [RSS] Zepto Blog: Connection error — https://www.zepto.co.in/blog/feed
2026-03-26 11:34:26 [INFO] [RSS] Yahoo News World: 50 items
2026-03-26 11:34:26 [INFO] [RSS] TV9 Gujarati: 50 items
2026-03-26 11:34:27 [INFO] [RSS] Google News World: 38 items
2026-03-26 11:34:27 [INFO] [RSS] JioMart Updates: 51 items
2026-03-26 11:34:28 [INFO] [RSS] Grofers Milkbasket: 100 items
2026-03-26 11:34:28 [INFO] [RSS] ABP Majha: OK on retry 2 — 100 items
2026-03-26 11:34:28 [INFO] [RSS] ABP Majha: 100 items
2026-03-26 11:34:29 [INFO] [RSS] Amazon Fresh India: 100 items
2026-03-26 11:34:30 [INFO] [RSS] Flipkart Minutes: 100 items
2026-03-26 11:34:31 [INFO] [RSS] ABP Asmita: OK on retry 2 — 98 items
2026-03-26 11:34:31 [INFO] [RSS] ABP Asmita: 98 items
2026-03-26 11:34:32 [INFO] [RSS] IMD Weather Alerts: 1 items
2026-03-26 11:34:32 [INFO] [RSS] Arunachal Pradesh Disaster: 70 items
2026-03-26 11:34:32 [INFO] [RSS] AP Disaster Alerts: 34 items
2026-03-26 11:34:34 [INFO] [RSS] Assam Disaster Alerts: 68 items
2026-03-26 11:34:34 [INFO] [RSS] Bihar Disaster Alerts: 7 items
2026-03-26 11:34:37 [INFO] [RSS] Gujarat Disaster Alerts: 9 items
2026-03-26 11:34:37 [INFO] [RSS] Chhattisgarh Disaster Alerts: 5 items
2026-03-26 11:34:37 [INFO] [RSS] Goa Disaster Alerts: 38 items
2026-03-26 11:34:38 [INFO] [RSS] Haryana Disaster Alerts: 1 items
2026-03-26 11:34:39 [INFO] [RSS] HP Disaster Alerts: 100 items
2026-03-26 11:34:40 [INFO] [RSS] Kerala Disaster Alerts: 32 items
2026-03-26 11:34:41 [INFO] [RSS] MP Disaster Alerts: 1 items
2026-03-26 11:34:42 [INFO] [RSS] Karnataka Disaster Alerts: 49 items
2026-03-26 11:34:43 [INFO] [RSS] Meghalaya Disaster Alerts: 52 items
2026-03-26 11:34:43 [INFO] [RSS] Blinkit Blog: 10 items
2026-03-26 11:34:43 [INFO] [RSS] Mizoram Disaster Alerts: 52 items
2026-03-26 11:34:45 [INFO] [RSS] Punjab Disaster Alerts: 11 items
2026-03-26 11:34:45 [INFO] [RSS] Odisha Disaster Alerts: 25 items
2026-03-26 11:34:45 [INFO] [RSS] Manipur Disaster Alerts: 78 items
2026-03-26 11:34:49 [INFO] [RSS] Sikkim Disaster Alerts: 53 items
2026-03-26 11:34:49 [INFO] [RSS] Telangana Disaster Alerts: 2 items
2026-03-26 11:34:50 [INFO] [RSS] UP Disaster Alerts: 6 items
2026-03-26 11:34:50 [INFO] [RSS] Nagaland Disaster Alerts: 52 items
2026-03-26 11:34:52 [INFO] [RSS] Rajasthan Disaster Alerts: 32 items
2026-03-26 11:34:53 [INFO] [RSS] Tamil Nadu Disaster Alerts: 9 items
2026-03-26 11:34:53 [INFO] [RSS] Delhi Disaster Alerts: 5 items
2026-03-26 11:34:53 [INFO] [RSS] Tripura Disaster Alerts: 51 items
2026-03-26 11:34:53 [INFO] [RSS] Andaman Nicobar Alerts: 38 items
2026-03-26 11:34:53 [INFO] [RSS] Uttarakhand Disaster Alerts: 99 items
2026-03-26 11:34:54 [INFO] [RSS] Ladakh Disaster Alerts: 9 items
2026-03-26 11:34:55 [WARNING] [RSS] Yahoo India News: HTTP 500 — https://in.news.yahoo.com/rss/
2026-03-26 11:34:58 [INFO] [RSS] Puducherry Disaster Alerts: 28 items
2026-03-26 11:34:59 [WARNING] [RSS] Reddit World News: HTTP 403 — https://www.reddit.com/r/worldnews/.rss
2026-03-26 11:34:59 [INFO] [RSS] Lakshadweep Alerts: 26 items
2026-03-26 11:35:00 [WARNING] [RSS] Reddit India: HTTP 403 — https://www.reddit.com/r/india/.rss
2026-03-26 11:35:02 [INFO] [RSS] JK Disaster Alerts: OK on retry 2 — 46 items
2026-03-26 11:35:02 [INFO] [RSS] JK Disaster Alerts: 46 items
2026-03-26 11:35:02 [INFO] [RSS] Chandigarh Alerts: OK on retry 2 — 60 items
2026-03-26 11:35:02 [INFO] [RSS] DNH Daman Diu Alerts: OK on retry 2 — 38 items
2026-03-26 11:35:02 [INFO] [RSS] Chandigarh Alerts: 60 items
2026-03-26 11:35:02 [INFO] [RSS] DNH Daman Diu Alerts: 38 items
2026-03-26 11:35:09 [INFO] [Fetch] Complete: +52 new articles saved | 2026-03-26 11:35:09
2026-03-26 11:40:09 [INFO] [Fetch] Starting: 146 feeds
2026-03-26 11:40:13 [INFO] [RSS] Google: 38 items
2026-03-26 11:40:13 [INFO] [RSS] The Hindu: 60 items
2026-03-26 11:40:13 [INFO] [RSS] TOI India: 20 items
2026-03-26 11:40:13 [INFO] [RSS] Times of India: 20 items
2026-03-26 11:40:13 [INFO] [RSS] News18 India: 200 items
2026-03-26 11:40:13 [INFO] [RSS] ET Markets: 50 items
2026-03-26 11:40:14 [INFO] [RSS] Economic Times: 76 items
2026-03-26 11:40:14 [INFO] [RSS] IE Business: 200 items
2026-03-26 11:40:14 [INFO] [RSS] Mint: 35 items
2026-03-26 11:40:14 [INFO] [RSS] Money Control: 15 items
2026-03-26 11:40:14 [INFO] [RSS] TOI Business: 20 items
2026-03-26 11:40:14 [INFO] [RSS] NDTV Business: 20 items
2026-03-26 11:40:15 [WARNING] [RSS] Business Standard: 404 Not Found — https://feeds.feedburner.com/business-standard/pFxy
2026-03-26 11:40:15 [INFO] [RSS] NDTV India: 20 items
2026-03-26 11:40:15 [INFO] [RSS] NDTV Top Stories: 20 items
2026-03-26 11:40:15 [WARNING] [RSS] HT Business: 404 Not Found — https://feeds.feedburner.com/HindustanTimesBusiness
2026-03-26 11:40:17 [WARNING] [RSS] Telegraph India: 404 Not Found — https://feeds.feedburner.com/telegraphindia/AWHH
2026-03-26 11:40:17 [INFO] [RSS] India TV: 20 items
2026-03-26 11:40:18 [INFO] [RSS] India Today: 128 items
2026-03-26 11:40:18 [INFO] [RSS] News18 India: 200 items
2026-03-26 11:40:18 [INFO] [RSS] Indian Express: 200 items
2026-03-26 11:40:18 [INFO] [RSS] Rediff News: 51 items
2026-03-26 11:40:20 [INFO] [RSS] Odisha TV: 50 items
2026-03-26 11:40:20 [INFO] [RSS] TOI Bangalore: 20 items
2026-03-26 11:40:20 [INFO] [RSS] Asianet News Kerala: 35 items
2026-03-26 11:40:20 [INFO] [RSS] Public TV Karnataka: 10 items
2026-03-26 11:40:20 [INFO] [RSS] Greater Kashmir: 10 items
2026-03-26 11:40:20 [INFO] [RSS] Lokmat: 100 items
2026-03-26 11:40:20 [INFO] [RSS] TOI Delhi: 20 items
2026-03-26 11:40:20 [INFO] [RSS] TOI Hyderabad: 20 items
2026-03-26 11:40:21 [INFO] [RSS] TOI Chennai: 20 items
2026-03-26 11:40:21 [INFO] [RSS] TOI Mumbai: 20 items
2026-03-26 11:40:21 [INFO] [RSS] TOI Kolkata: 20 items
2026-03-26 11:40:22 [INFO] [RSS] WHO News: 25 items
2026-03-26 11:40:23 [INFO] [RSS] OneIndia: 30 items
2026-03-26 11:40:24 [INFO] [RSS] USGS Earthquake: 253 items
2026-03-26 11:40:24 [INFO] [RSS] POSOCO Grid Operator: 50 items
2026-03-26 11:40:24 [INFO] [RSS] Energy News India: 10 items
2026-03-26 11:40:25 [INFO] [RSS] TANGEDCO Tamil Nadu: 100 items
2026-03-26 11:40:26 [INFO] [RSS] GDACS Disaster: 100 items
2026-03-26 11:40:26 [INFO] [RSS] MSEDCL Maharashtra: 100 items
2026-03-26 11:40:26 [INFO] [RSS] ReliefWeb India: 20 items
2026-03-26 11:40:26 [INFO] [RSS] SEBI News: 30 items
2026-03-26 11:40:27 [INFO] [RSS] PRS Legislative: 33 items
2026-03-26 11:40:27 [INFO] [RSS] RBI Press Releases: 80 items
2026-03-26 11:40:27 [INFO] [RSS] PowerGrid Corporation: 100 items
2026-03-26 11:40:28 [INFO] [RSS] CESC Kolkata: 42 items
2026-03-26 11:40:28 [INFO] [RSS] TSSPDCL Telangana: 100 items
2026-03-26 11:40:28 [INFO] [RSS] BESCOM Power Cut News: 100 items
2026-03-26 11:40:28 [INFO] [RSS] MESCOM Power News: 48 items
2026-03-26 11:40:28 [INFO] [RSS] HESCOM Power News: 16 items
2026-03-26 11:40:30 [WARNING] [RSS] Zee News: HTTP 403 — https://zeenews.india.com/rss/india.xml
2026-03-26 11:40:31 [WARNING] [RSS] Power TV Kannada: Connection error — https://powertvnews.com/feed
2026-03-26 11:40:32 [WARNING] [RSS] PIB Press Release: 404 Not Found — https://pib.gov.in/rss.aspx
2026-03-26 11:40:33 [INFO] [RSS] Zepto Blog: 10 items
2026-03-26 11:40:34 [INFO] [RSS] Sakshi TV: 54 items
2026-03-26 11:40:34 [INFO] [RSS] Thanthi TV: 81 items
2026-03-26 11:40:34 [INFO] [RSS] V6 News Telangana: 50 items
2026-03-26 11:40:35 [INFO] [RSS] TV9 Marathi: 60 items
2026-03-26 11:40:35 [INFO] [RSS] TV9 Kannada: 60 items
2026-03-26 11:40:36 [INFO] [RSS] Swiggy Blog: 10 items
2026-03-26 11:40:36 [INFO] [RSS] ABP Majha: 100 items
2026-03-26 11:40:37 [INFO] [RSS] TV9 Telugu: 60 items
2026-03-26 11:40:37 [INFO] [RSS] 24 News Malayalam: 10 items
2026-03-26 11:40:37 [INFO] [RSS] Kalaignar Seithigal: 1 items
2026-03-26 11:40:38 [INFO] [RSS] NTV Telugu: 60 items
2026-03-26 11:40:38 [INFO] [RSS] ABP Asmita: 99 items
2026-03-26 11:40:39 [INFO] [RSS] TV9 Gujarati: 50 items
2026-03-26 11:40:39 [INFO] [RSS] Zee 24 Ghanta: 100 items
2026-03-26 11:40:40 [INFO] [RSS] Google News World: 38 items
2026-03-26 11:40:41 [INFO] [RSS] Google News India: 38 items
2026-03-26 11:40:41 [INFO] [RSS] Yahoo News World: 50 items
2026-03-26 11:40:42 [WARNING] [RSS] Sun News Tamil: Connection error — https://sunnewslive.in/feed
2026-03-26 11:40:43 [WARNING] [RSS] Zepto Blog: Connection error — https://www.zepto.co.in/blog/feed
2026-03-26 11:40:43 [INFO] [RSS] JioMart Updates: 51 items
2026-03-26 11:40:46 [INFO] [RSS] Grofers Milkbasket: 100 items
2026-03-26 11:40:47 [INFO] [RSS] Flipkart Minutes: 100 items
2026-03-26 11:40:47 [INFO] [RSS] IMD Weather Alerts: 1 items
2026-03-26 11:40:47 [INFO] [RSS] Bihar Disaster Alerts: 7 items
2026-03-26 11:40:47 [INFO] [RSS] Assam Disaster Alerts: 68 items
2026-03-26 11:40:48 [INFO] [RSS] Amazon Fresh India: 100 items
2026-03-26 11:40:48 [INFO] [RSS] Blinkit Blog: 10 items
2026-03-26 11:40:48 [INFO] [RSS] Goa Disaster Alerts: 38 items
2026-03-26 11:40:49 [INFO] [RSS] AP Disaster Alerts: 34 items
2026-03-26 11:40:49 [INFO] [RSS] Arunachal Pradesh Disaster: 70 items
2026-03-26 11:40:49 [INFO] [RSS] Haryana Disaster Alerts: 1 items
2026-03-26 11:40:51 [INFO] [RSS] Chhattisgarh Disaster Alerts: 5 items
2026-03-26 11:40:51 [INFO] [RSS] Gujarat Disaster Alerts: 9 items
2026-03-26 11:40:52 [WARNING] [RSS] PIB Government Releases: 404 Not Found — https://pib.gov.in/rssfeed/rssfeeds.aspx
2026-03-26 11:40:53 [INFO] [RSS] HP Disaster Alerts: 100 items
2026-03-26 11:40:53 [INFO] [RSS] MP Disaster Alerts: 1 items
2026-03-26 11:40:54 [INFO] [RSS] Kerala Disaster Alerts: 32 items
2026-03-26 11:40:54 [INFO] [RSS] Meghalaya Disaster Alerts: 52 items
2026-03-26 11:40:55 [INFO] [RSS] Mizoram Disaster Alerts: 52 items
2026-03-26 11:40:55 [INFO] [RSS] Punjab Disaster Alerts: 11 items
2026-03-26 11:40:55 [INFO] [RSS] Karnataka Disaster Alerts: 49 items
2026-03-26 11:40:55 [INFO] [RSS] Manipur Disaster Alerts: 78 items
2026-03-26 11:40:56 [INFO] [RSS] Odisha Disaster Alerts: 25 items
2026-03-26 11:40:56 [INFO] [RSS] Nagaland Disaster Alerts: 54 items
2026-03-26 11:40:58 [INFO] [RSS] Telangana Disaster Alerts: 2 items
2026-03-26 11:40:59 [INFO] [RSS] Tripura Disaster Alerts: 57 items
2026-03-26 11:40:59 [INFO] [RSS] Rajasthan Disaster Alerts: 32 items
2026-03-26 11:40:59 [INFO] [RSS] Uttarakhand Disaster Alerts: 99 items
2026-03-26 11:40:59 [INFO] [RSS] Tamil Nadu Disaster Alerts: 9 items
2026-03-26 11:41:00 [INFO] [RSS] Sikkim Disaster Alerts: 53 items
2026-03-26 11:41:00 [INFO] [RSS] Andaman Nicobar Alerts: 43 items
2026-03-26 11:41:00 [INFO] [RSS] Delhi Disaster Alerts: 5 items
2026-03-26 11:41:00 [INFO] [RSS] DNH Daman Diu Alerts: 38 items
2026-03-26 11:41:00 [INFO] [RSS] UP Disaster Alerts: 6 items
2026-03-26 11:41:02 [INFO] [RSS] Chandigarh Alerts: 60 items
2026-03-26 11:41:02 [INFO] [RSS] JK Disaster Alerts: 46 items
2026-03-26 11:41:02 [INFO] [RSS] Ladakh Disaster Alerts: 9 items
2026-03-26 11:41:02 [INFO] [RSS] Lakshadweep Alerts: 26 items
2026-03-26 11:41:02 [INFO] [RSS] Puducherry Disaster Alerts: 28 items
2026-03-26 11:41:04 [WARNING] [RSS] Yahoo India News: HTTP 500 — https://in.news.yahoo.com/rss/
2026-03-26 11:41:08 [WARNING] [RSS] Reddit India: HTTP 403 — https://www.reddit.com/r/india/.rss
2026-03-26 11:41:08 [WARNING] [RSS] Telangana Today: Timeout — https://telanganatoday.com/feed
2026-03-26 11:41:10 [WARNING] [RSS] Reddit World News: HTTP 403 — https://www.reddit.com/r/worldnews/.rss
2026-03-26 11:41:14 [INFO] [Fetch] Complete: +52 new articles saved | 2026-03-26 11:41:14
2026-03-26 11:46:15 [INFO] [Fetch] Starting: 146 feeds
2026-03-26 11:46:18 [INFO] [RSS] Times of India: 20 items
2026-03-26 11:46:18 [INFO] [RSS] Economic Times: 76 items
2026-03-26 11:46:19 [INFO] [RSS] ET Markets: 50 items
2026-03-26 11:46:19 [INFO] [RSS] Mint: 35 items
2026-03-26 11:46:19 [INFO] [RSS] The Hindu: 60 items
2026-03-26 11:46:19 [INFO] [RSS] Money Control: 15 items
2026-03-26 11:46:19 [INFO] [RSS] Google: 38 items
2026-03-26 11:46:19 [INFO] [RSS] Indian Express: 200 items
2026-03-26 11:46:19 [INFO] [RSS] TOI India: 20 items
2026-03-26 11:46:19 [WARNING] [RSS] HT Business: 404 Not Found — https://feeds.feedburner.com/HindustanTimesBusiness
2026-03-26 11:46:19 [WARNING] [FeedHealth] DISABLED after 5 failures: HT Business
2026-03-26 11:46:19 [INFO] [RSS] News18 India: 200 items
2026-03-26 11:46:20 [INFO] [RSS] IE Business: 200 items
2026-03-26 11:46:20 [INFO] [RSS] TOI Business: 20 items
2026-03-26 11:46:20 [INFO] [RSS] NDTV Top Stories: 20 items
2026-03-26 11:46:20 [WARNING] [RSS] Business Standard: 404 Not Found — https://feeds.feedburner.com/business-standard/pFxy
2026-03-26 11:46:20 [WARNING] [FeedHealth] DISABLED after 5 failures: Business Standard
2026-03-26 11:46:20 [INFO] [RSS] NDTV Business: 20 items
2026-03-26 11:46:20 [INFO] [RSS] NDTV India: 20 items
2026-03-26 11:46:23 [INFO] [RSS] India Today: 128 items
2026-03-26 11:46:24 [WARNING] [RSS] Telegraph India: 404 Not Found — https://feeds.feedburner.com/telegraphindia/AWHH
2026-03-26 11:46:24 [WARNING] [FeedHealth] DISABLED after 5 failures: Telegraph India
2026-03-26 11:46:24 [INFO] [RSS] News18 India: 200 items
2026-03-26 11:46:24 [INFO] [RSS] India TV: 20 items
2026-03-26 11:46:25 [INFO] [RSS] Rediff News: 51 items
2026-03-26 11:46:27 [INFO] [RSS] Lokmat: 100 items
2026-03-26 11:46:27 [INFO] [RSS] Asianet News Kerala: 37 items
2026-03-26 11:46:28 [INFO] [RSS] TOI Hyderabad: 20 items
2026-03-26 11:46:28 [INFO] [RSS] TOI Chennai: 20 items
2026-03-26 11:46:28 [INFO] [RSS] TOI Bangalore: 20 items
2026-03-26 11:46:29 [INFO] [RSS] Odisha TV: 50 items
2026-03-26 11:46:29 [INFO] [RSS] TOI Kolkata: 20 items
2026-03-26 11:46:29 [INFO] [RSS] Public TV Karnataka: 10 items
2026-03-26 11:46:29 [INFO] [RSS] TOI Delhi: 20 items
2026-03-26 11:46:29 [INFO] [RSS] Greater Kashmir: 10 items
2026-03-26 11:46:30 [INFO] [RSS] TOI Mumbai: 20 items
2026-03-26 11:46:33 [INFO] [RSS] GDACS Disaster: 100 items
2026-03-26 11:46:34 [INFO] [RSS] USGS Earthquake: 253 items
2026-03-26 11:46:34 [WARNING] [FeedHealth] DISABLED after 5 failures: Free Press Journal
2026-03-26 11:46:34 [INFO] [RSS] PRS Legislative: 38 items
2026-03-26 11:46:35 [INFO] [RSS] Telangana Today: 500 items
2026-03-26 11:46:35 [INFO] [RSS] OneIndia: 30 items
2026-03-26 11:46:35 [INFO] [RSS] ReliefWeb India: 20 items
2026-03-26 11:46:35 [INFO] [RSS] PowerGrid Corporation: 100 items
2026-03-26 11:46:36 [INFO] [RSS] RBI Press Releases: 80 items
2026-03-26 11:46:37 [INFO] [RSS] WHO News: 25 items
2026-03-26 11:46:37 [INFO] [RSS] Energy News India: 10 items
2026-03-26 11:46:37 [INFO] [RSS] TANGEDCO Tamil Nadu: 100 items
2026-03-26 11:46:37 [INFO] [RSS] POSOCO Grid Operator: 50 items
2026-03-26 11:46:38 [INFO] [RSS] MSEDCL Maharashtra: 100 items
2026-03-26 11:46:40 [WARNING] [RSS] PIB Press Release: 404 Not Found — https://pib.gov.in/rss.aspx
2026-03-26 11:46:40 [INFO] [RSS] TSSPDCL Telangana: 100 items
2026-03-26 11:46:41 [INFO] [RSS] MESCOM Power News: 50 items
2026-03-26 11:46:41 [INFO] [RSS] CESC Kolkata: 42 items
2026-03-26 11:46:41 [INFO] [RSS] HESCOM Power News: 16 items
2026-03-26 11:46:42 [INFO] [RSS] BESCOM Power Cut News: 100 items
2026-03-26 11:46:42 [WARNING] [RSS] Latestly: HTTP 405 — https://www.latestly.com/rss/india-news.xml
2026-03-26 11:46:43 [INFO] [RSS] Thanthi TV: 87 items
2026-03-26 11:46:43 [WARNING] [RSS] Zee News: HTTP 403 — https://zeenews.india.com/rss/india.xml
2026-03-26 11:46:43 [WARNING] [FeedHealth] DISABLED after 5 failures: Zee News
2026-03-26 11:46:43 [WARNING] [RSS] Power TV Kannada: Connection error — https://powertvnews.com/feed
2026-03-26 11:46:43 [WARNING] [FeedHealth] DISABLED after 5 failures: Power TV Kannada
2026-03-26 11:46:49 [INFO] [RSS] Zepto Blog: 10 items
2026-03-26 11:46:50 [INFO] [RSS] TV9 Gujarati: 50 items
2026-03-26 11:46:50 [INFO] [RSS] TV9 Kannada: 60 items
2026-03-26 11:46:51 [INFO] [RSS] V6 News Telangana: 50 items
2026-03-26 11:46:52 [INFO] [RSS] Zee 24 Ghanta: 100 items
2026-03-26 11:46:52 [INFO] [RSS] 24 News Malayalam: 10 items
2026-03-26 11:46:53 [WARNING] [RSS] Sun News Tamil: Connection error — https://sunnewslive.in/feed
2026-03-26 11:46:53 [WARNING] [FeedHealth] DISABLED after 5 failures: Sun News Tamil
2026-03-26 11:46:53 [INFO] [RSS] TV9 Marathi: 60 items
2026-03-26 11:46:55 [INFO] [RSS] ABP Majha: 100 items
2026-03-26 11:46:56 [INFO] [RSS] TV9 Telugu: 60 items
2026-03-26 11:46:56 [INFO] [RSS] NTV Telugu: 60 items
2026-03-26 11:46:56 [INFO] [RSS] SEBI News: OK on retry 2 — 30 items
2026-03-26 11:46:56 [INFO] [RSS] SEBI News: 30 items
2026-03-26 11:46:56 [INFO] [RSS] Sakshi TV: 53 items
2026-03-26 11:46:58 [INFO] [RSS] Google News India: 38 items
2026-03-26 11:46:58 [INFO] [RSS] ABP Asmita: 99 items
2026-03-26 11:46:59 [INFO] [RSS] Swiggy Blog: 10 items
2026-03-26 11:47:00 [INFO] [RSS] Google News World: 38 items
2026-03-26 11:47:00 [WARNING] [RSS] Zepto Blog: Connection error — https://www.zepto.co.in/blog/feed
2026-03-26 11:47:00 [WARNING] [FeedHealth] DISABLED after 5 failures: Zepto Blog
2026-03-26 11:47:00 [INFO] [RSS] Kalaignar Seithigal: 1 items
2026-03-26 11:47:01 [INFO] [RSS] Yahoo News World: 50 items
2026-03-26 11:47:02 [INFO] [RSS] Flipkart Minutes: 100 items
2026-03-26 11:47:04 [INFO] [RSS] Amazon Fresh India: 100 items
2026-03-26 11:47:04 [INFO] [RSS] JioMart Updates: 51 items
2026-03-26 11:47:05 [INFO] [RSS] Grofers Milkbasket: 100 items
2026-03-26 11:47:06 [INFO] [RSS] IMD Weather Alerts: 1 items
2026-03-26 11:47:06 [INFO] [RSS] AP Disaster Alerts: 34 items
2026-03-26 11:47:07 [INFO] [RSS] Arunachal Pradesh Disaster: 70 items
2026-03-26 11:47:08 [INFO] [RSS] Gujarat Disaster Alerts: 9 items
2026-03-26 11:47:08 [INFO] [RSS] Bihar Disaster Alerts: 7 items
2026-03-26 11:47:08 [INFO] [RSS] Assam Disaster Alerts: 68 items
2026-03-26 11:47:08 [INFO] [RSS] Goa Disaster Alerts: 38 items
2026-03-26 11:47:08 [INFO] [RSS] Chhattisgarh Disaster Alerts: 5 items
2026-03-26 11:47:10 [INFO] [RSS] Haryana Disaster Alerts: 1 items
2026-03-26 11:47:11 [INFO] [RSS] HP Disaster Alerts: 100 items
2026-03-26 11:47:11 [INFO] [RSS] Karnataka Disaster Alerts: 49 items
2026-03-26 11:47:12 [INFO] [RSS] Kerala Disaster Alerts: 32 items
2026-03-26 11:47:12 [INFO] [RSS] Blinkit Blog: 10 items
2026-03-26 11:47:12 [INFO] [RSS] MP Disaster Alerts: 1 items
2026-03-26 11:47:12 [INFO] [RSS] Manipur Disaster Alerts: 78 items
2026-03-26 11:47:13 [INFO] [RSS] Meghalaya Disaster Alerts: 52 items
2026-03-26 11:47:13 [INFO] [RSS] Mizoram Disaster Alerts: 52 items
2026-03-26 11:47:14 [INFO] [RSS] Nagaland Disaster Alerts: 53 items
2026-03-26 11:47:14 [INFO] [RSS] Odisha Disaster Alerts: 25 items
2026-03-26 11:47:14 [INFO] [RSS] Rajasthan Disaster Alerts: 32 items
2026-03-26 11:47:14 [INFO] [RSS] Punjab Disaster Alerts: 11 items
2026-03-26 11:47:14 [INFO] [RSS] Sikkim Disaster Alerts: 54 items
2026-03-26 11:47:14 [INFO] [RSS] Tamil Nadu Disaster Alerts: 9 items
2026-03-26 11:47:15 [INFO] [RSS] Telangana Disaster Alerts: 2 items
2026-03-26 11:47:16 [INFO] [RSS] Tripura Disaster Alerts: 52 items
2026-03-26 11:47:16 [INFO] [RSS] UP Disaster Alerts: 6 items
2026-03-26 11:47:18 [INFO] [RSS] Uttarakhand Disaster Alerts: 99 items
2026-03-26 11:47:18 [INFO] [RSS] Chandigarh Alerts: 60 items
2026-03-26 11:47:18 [INFO] [RSS] Andaman Nicobar Alerts: 42 items
2026-03-26 11:47:18 [INFO] [RSS] Lakshadweep Alerts: 26 items
2026-03-26 11:47:18 [INFO] [RSS] DNH Daman Diu Alerts: 38 items
2026-03-26 11:47:18 [INFO] [RSS] Delhi Disaster Alerts: 5 items
2026-03-26 11:47:18 [INFO] [RSS] JK Disaster Alerts: 47 items
2026-03-26 11:47:18 [INFO] [RSS] Puducherry Disaster Alerts: 28 items
2026-03-26 11:47:18 [INFO] [RSS] Ladakh Disaster Alerts: 9 items
2026-03-26 11:47:22 [WARNING] [RSS] Yahoo India News: HTTP 500 — https://in.news.yahoo.com/rss/
2026-03-26 11:47:22 [WARNING] [RSS] Reddit India: HTTP 403 — https://www.reddit.com/r/india/.rss
2026-03-26 11:47:23 [WARNING] [RSS] Reddit World News: HTTP 403 — https://www.reddit.com/r/worldnews/.rss
2026-03-26 11:47:28 [INFO] [Fetch] Complete: +57 new articles saved | 2026-03-26 11:47:27
2026-03-26 11:52:28 [INFO] [Fetch] Starting: 146 feeds
2026-03-26 11:52:31 [INFO] [RSS] Money Control: 15 items
2026-03-26 11:52:31 [INFO] [RSS] TOI India: 20 items
2026-03-26 11:52:31 [INFO] [RSS] TOI Business: 20 items
2026-03-26 11:52:32 [INFO] [RSS] The Hindu: 60 items
2026-03-26 11:52:32 [INFO] [RSS] Mint: 35 items
2026-03-26 11:52:32 [INFO] [RSS] IE Business: 200 items
2026-03-26 11:52:32 [INFO] [RSS] Times of India: 20 items
2026-03-26 11:52:32 [INFO] [RSS] Google: 38 items
2026-03-26 11:52:32 [INFO] [RSS] ET Markets: 50 items
2026-03-26 11:52:32 [INFO] [RSS] NDTV India: 20 items
2026-03-26 11:52:33 [INFO] [RSS] News18 India: 200 items
2026-03-26 11:52:33 [INFO] [RSS] Economic Times: 76 items
2026-03-26 11:52:33 [INFO] [RSS] NDTV Top Stories: 20 items
2026-03-26 11:52:33 [INFO] [RSS] NDTV Business: 20 items
2026-03-26 11:52:33 [INFO] [RSS] India TV: 20 items
2026-03-26 11:52:34 [INFO] [RSS] India Today: 128 items
2026-03-26 11:52:35 [INFO] [RSS] News18 India: 200 items
2026-03-26 11:52:36 [INFO] [RSS] Indian Express: 200 items
2026-03-26 11:52:36 [INFO] [RSS] Asianet News Kerala: 37 items
2026-03-26 11:52:36 [INFO] [RSS] Rediff News: 51 items
2026-03-26 11:52:36 [INFO] [RSS] TOI Bangalore: 20 items
2026-03-26 11:52:36 [INFO] [RSS] TOI Kolkata: 20 items
2026-03-26 11:52:36 [INFO] [RSS] TOI Hyderabad: 20 items
2026-03-26 11:52:36 [INFO] [RSS] TOI Delhi: 20 items
2026-03-26 11:52:36 [INFO] [RSS] Public TV Karnataka: 10 items
2026-03-26 11:52:37 [INFO] [RSS] TOI Chennai: 20 items
2026-03-26 11:52:37 [INFO] [RSS] Odisha TV: 50 items
2026-03-26 11:52:37 [INFO] [RSS] TOI Mumbai: 20 items
2026-03-26 11:52:37 [INFO] [RSS] Lokmat: 100 items
2026-03-26 11:52:37 [INFO] [RSS] Greater Kashmir: 10 items
2026-03-26 11:52:37 [INFO] [RSS] OneIndia: 30 items
2026-03-26 11:52:38 [INFO] [RSS] USGS Earthquake: 255 items
2026-03-26 11:52:40 [INFO] [RSS] GDACS Disaster: 100 items
2026-03-26 11:52:40 [INFO] [RSS] WHO News: 25 items
2026-03-26 11:52:40 [INFO] [RSS] SEBI News: 30 items
2026-03-26 11:52:40 [INFO] [RSS] PRS Legislative: 38 items
2026-03-26 11:52:40 [INFO] [RSS] POSOCO Grid Operator: 50 items
2026-03-26 11:52:40 [INFO] [RSS] RBI Press Releases: 80 items
2026-03-26 11:52:40 [INFO] [RSS] Energy News India: 10 items
2026-03-26 11:52:41 [INFO] [RSS] PowerGrid Corporation: 100 items
2026-03-26 11:52:41 [INFO] [RSS] TSSPDCL Telangana: 100 items
2026-03-26 11:52:42 [INFO] [RSS] TANGEDCO Tamil Nadu: 100 items
2026-03-26 11:52:42 [INFO] [RSS] CESC Kolkata: 42 items
2026-03-26 11:52:42 [INFO] [RSS] MSEDCL Maharashtra: 100 items
2026-03-26 11:52:43 [INFO] [RSS] ReliefWeb India: 20 items
2026-03-26 11:52:43 [WARNING] [RSS] PIB Press Release: 404 Not Found — https://pib.gov.in/rss.aspx
2026-03-26 11:52:44 [INFO] [RSS] BESCOM Power Cut News: 100 items
2026-03-26 11:52:45 [INFO] [RSS] MESCOM Power News: 50 items
2026-03-26 11:52:45 [INFO] [RSS] HESCOM Power News: 16 items
2026-03-26 11:52:46 [INFO] [RSS] Thanthi TV: 87 items
2026-03-26 11:52:47 [INFO] [RSS] TV9 Kannada: 60 items
2026-03-26 11:52:48 [INFO] [RSS] Zepto Blog: 10 items
2026-03-26 11:52:49 [INFO] [RSS] 24 News Malayalam: 10 items
2026-03-26 11:52:49 [INFO] [RSS] Telangana Today: 500 items
2026-03-26 11:52:49 [INFO] [RSS] TV9 Telugu: 60 items
2026-03-26 11:52:50 [INFO] [RSS] V6 News Telangana: 50 items
2026-03-26 11:52:50 [INFO] [RSS] TV9 Gujarati: 50 items
2026-03-26 11:52:50 [INFO] [RSS] Kalaignar Seithigal: 1 items
2026-03-26 11:52:51 [INFO] [RSS] Zee 24 Ghanta: 100 items
2026-03-26 11:52:51 [INFO] [RSS] NTV Telugu: 60 items
2026-03-26 11:52:52 [INFO] [RSS] Swiggy Blog: 10 items
2026-03-26 11:52:52 [INFO] [RSS] Sakshi TV: 53 items
2026-03-26 11:52:53 [INFO] [RSS] ABP Majha: 100 items
2026-03-26 11:52:53 [INFO] [RSS] Google News India: 38 items
2026-03-26 11:52:54 [INFO] [RSS] ABP Asmita: 99 items
2026-03-26 11:52:54 [INFO] [RSS] TV9 Marathi: 60 items
2026-03-26 11:52:54 [INFO] [RSS] Yahoo News World: 50 items
2026-03-26 11:52:57 [INFO] [RSS] Google News World: 38 items
2026-03-26 11:52:57 [INFO] [RSS] Grofers Milkbasket: 100 items
2026-03-26 11:52:58 [INFO] [RSS] JioMart Updates: 47 items
2026-03-26 11:52:59 [INFO] [RSS] Amazon Fresh India: 100 items
2026-03-26 11:52:59 [INFO] [RSS] Flipkart Minutes: 100 items
2026-03-26 11:52:59 [INFO] [RSS] AP Disaster Alerts: 34 items
2026-03-26 11:52:59 [INFO] [RSS] IMD Weather Alerts: 1 items
2026-03-26 11:53:01 [INFO] [RSS] Arunachal Pradesh Disaster: 70 items
2026-03-26 11:53:02 [INFO] [RSS] Bihar Disaster Alerts: 7 items
2026-03-26 11:53:02 [INFO] [RSS] Assam Disaster Alerts: 68 items
2026-03-26 11:53:03 [INFO] [RSS] Blinkit Blog: 10 items
2026-03-26 11:53:04 [INFO] [RSS] Chhattisgarh Disaster Alerts: 5 items
2026-03-26 11:53:04 [INFO] [RSS] Gujarat Disaster Alerts: 9 items
2026-03-26 11:53:04 [INFO] [RSS] Goa Disaster Alerts: 38 items
2026-03-26 11:53:04 [INFO] [RSS] Haryana Disaster Alerts: 1 items
2026-03-26 11:53:05 [INFO] [RSS] HP Disaster Alerts: 100 items
2026-03-26 11:53:05 [INFO] [RSS] Karnataka Disaster Alerts: 49 items
2026-03-26 11:53:05 [INFO] [RSS] MP Disaster Alerts: 1 items
2026-03-26 11:53:05 [WARNING] [RSS] PIB Government Releases: 404 Not Found — https://pib.gov.in/rssfeed/rssfeeds.aspx
2026-03-26 11:53:05 [INFO] [RSS] Kerala Disaster Alerts: 32 items
2026-03-26 11:53:07 [INFO] [RSS] Manipur Disaster Alerts: 78 items
2026-03-26 11:53:08 [INFO] [RSS] Meghalaya Disaster Alerts: 52 items
2026-03-26 11:53:09 [INFO] [RSS] Mizoram Disaster Alerts: 52 items
2026-03-26 11:53:09 [INFO] [RSS] Nagaland Disaster Alerts: 53 items
2026-03-26 11:53:10 [INFO] [RSS] Rajasthan Disaster Alerts: 32 items
2026-03-26 11:53:10 [INFO] [RSS] Odisha Disaster Alerts: 25 items
2026-03-26 11:53:10 [INFO] [RSS] Telangana Disaster Alerts: 2 items
2026-03-26 11:53:10 [INFO] [RSS] Punjab Disaster Alerts: 11 items
2026-03-26 11:53:10 [INFO] [RSS] UP Disaster Alerts: 6 items
2026-03-26 11:53:11 [INFO] [RSS] Uttarakhand Disaster Alerts: 99 items
2026-03-26 11:53:11 [INFO] [RSS] Sikkim Disaster Alerts: 54 items
2026-03-26 11:53:12 [INFO] [RSS] Tripura Disaster Alerts: 52 items
2026-03-26 11:53:12 [INFO] [RSS] Tamil Nadu Disaster Alerts: 9 items
2026-03-26 11:53:12 [INFO] [RSS] Andaman Nicobar Alerts: 43 items
2026-03-26 11:53:12 [INFO] [RSS] Chandigarh Alerts: 60 items
2026-03-26 11:53:12 [INFO] [RSS] Delhi Disaster Alerts: 5 items
2026-03-26 11:53:13 [INFO] [RSS] JK Disaster Alerts: 46 items
2026-03-26 11:53:13 [INFO] [RSS] DNH Daman Diu Alerts: 38 items
2026-03-26 11:53:13 [INFO] [RSS] Lakshadweep Alerts: 26 items
2026-03-26 11:53:13 [INFO] [RSS] Ladakh Disaster Alerts: 9 items
2026-03-26 11:53:13 [INFO] [RSS] Puducherry Disaster Alerts: 28 items
2026-03-26 11:53:17 [WARNING] [RSS] Reddit World News: HTTP 403 — https://www.reddit.com/r/worldnews/.rss
2026-03-26 11:53:19 [WARNING] [RSS] Reddit India: HTTP 403 — https://www.reddit.com/r/india/.rss
2026-03-26 11:53:24 [INFO] [Fetch] Complete: +31 new articles saved | 2026-03-26 11:53:24
2026-03-26 11:58:24 [INFO] [Fetch] Starting: 146 feeds
2026-03-26 11:58:27 [INFO] [RSS] The Hindu: 60 items
2026-03-26 11:58:27 [INFO] [RSS] Times of India: 20 items
2026-03-26 11:58:28 [INFO] [RSS] ET Markets: 50 items
2026-03-26 11:58:28 [INFO] [RSS] TOI Business: 20 items
2026-03-26 11:58:28 [INFO] [RSS] Mint: 35 items
2026-03-26 11:58:28 [INFO] [RSS] News18 India: 200 items
2026-03-26 11:58:28 [INFO] [RSS] Money Control: 15 items
2026-03-26 11:58:28 [INFO] [RSS] TOI India: 20 items
2026-03-26 11:58:28 [INFO] [RSS] Google: 38 items
2026-03-26 11:58:28 [INFO] [RSS] Economic Times: 76 items
2026-03-26 11:58:28 [INFO] [RSS] NDTV India: 20 items
2026-03-26 11:58:29 [INFO] [RSS] IE Business: 200 items
2026-03-26 11:58:30 [INFO] [RSS] Indian Express: 200 items
2026-03-26 11:58:30 [INFO] [RSS] NDTV Business: 20 items
2026-03-26 11:58:30 [INFO] [RSS] NDTV Top Stories: 20 items
2026-03-26 11:58:31 [INFO] [RSS] News18 India: 200 items
2026-03-26 11:58:31 [INFO] [RSS] Rediff News: 51 items
2026-03-26 11:58:31 [INFO] [RSS] India Today: 128 items
2026-03-26 11:58:31 [INFO] [RSS] India TV: 20 items
2026-03-26 11:58:31 [INFO] [RSS] TOI Bangalore: 20 items
2026-03-26 11:58:31 [INFO] [RSS] Odisha TV: 50 items
2026-03-26 11:58:32 [INFO] [RSS] Asianet News Kerala: 37 items
2026-03-26 11:58:32 [INFO] [RSS] Public TV Karnataka: 10 items
2026-03-26 11:58:32 [INFO] [RSS] TOI Delhi: 20 items
2026-03-26 11:58:32 [INFO] [RSS] Greater Kashmir: 10 items
2026-03-26 11:58:32 [INFO] [RSS] Lokmat: 100 items
2026-03-26 11:58:32 [INFO] [RSS] TOI Chennai: 20 items
2026-03-26 11:58:32 [INFO] [RSS] TOI Hyderabad: 20 items
2026-03-26 11:58:33 [INFO] [RSS] TOI Mumbai: 20 items
2026-03-26 11:58:33 [INFO] [RSS] TOI Kolkata: 20 items
2026-03-26 11:58:34 [INFO] [RSS] OneIndia: 30 items
2026-03-26 11:58:35 [INFO] [RSS] WHO News: 25 items
2026-03-26 11:58:35 [INFO] [RSS] SEBI News: 30 items
2026-03-26 11:58:35 [INFO] [RSS] PRS Legislative: 38 items
2026-03-26 11:58:36 [INFO] [RSS] USGS Earthquake: 254 items
2026-03-26 11:58:36 [INFO] [RSS] RBI Press Releases: 80 items
2026-03-26 11:58:36 [INFO] [RSS] GDACS Disaster: 100 items
2026-03-26 11:58:36 [INFO] [RSS] PowerGrid Corporation: 100 items
2026-03-26 11:58:37 [INFO] [RSS] ReliefWeb India: 20 items
2026-03-26 11:58:37 [INFO] [RSS] POSOCO Grid Operator: 50 items
2026-03-26 11:58:37 [INFO] [RSS] TANGEDCO Tamil Nadu: 100 items
2026-03-26 11:58:37 [WARNING] [RSS] PIB Press Release: 404 Not Found — https://pib.gov.in/rss.aspx
2026-03-26 11:58:37 [WARNING] [FeedHealth] DISABLED after 5 failures: PIB Press Release
2026-03-26 11:58:40 [WARNING] [RSS] Latestly: HTTP 405 — https://www.latestly.com/rss/india-news.xml
2026-03-26 11:58:40 [INFO] [RSS] Telangana Today: 500 items
2026-03-26 11:58:40 [INFO] [RSS] CESC Kolkata: 42 items
2026-03-26 11:58:40 [INFO] [RSS] Energy News India: 10 items
2026-03-26 11:58:40 [INFO] [RSS] HESCOM Power News: 16 items
2026-03-26 11:58:40 [INFO] [RSS] Thanthi TV: 87 items
2026-03-26 11:58:41 [INFO] [RSS] MSEDCL Maharashtra: 100 items
2026-03-26 11:58:41 [INFO] [RSS] TSSPDCL Telangana: 100 items
2026-03-26 11:58:41 [INFO] [RSS] MESCOM Power News: 50 items
2026-03-26 11:58:41 [INFO] [RSS] Zepto Blog: 10 items
2026-03-26 11:58:42 [INFO] [RSS] 24 News Malayalam: 10 items
2026-03-26 11:58:42 [INFO] [RSS] TV9 Kannada: 60 items
2026-03-26 11:58:42 [INFO] [RSS] BESCOM Power Cut News: 100 items
2026-03-26 11:58:44 [INFO] [RSS] Sakshi TV: 53 items
2026-03-26 11:58:45 [INFO] [RSS] TV9 Telugu: 60 items
2026-03-26 11:58:46 [INFO] [RSS] NTV Telugu: 60 items
2026-03-26 11:58:47 [INFO] [RSS] V6 News Telangana: 50 items
2026-03-26 11:58:47 [INFO] [RSS] TV9 Marathi: 60 items
2026-03-26 11:58:47 [INFO] [RSS] ABP Majha: 100 items
2026-03-26 11:58:48 [INFO] [RSS] TV9 Gujarati: 50 items
2026-03-26 11:58:48 [INFO] [RSS] Zee 24 Ghanta: 100 items
2026-03-26 11:58:49 [INFO] [RSS] Swiggy Blog: 10 items
2026-03-26 11:58:50 [INFO] [RSS] Google News India: 38 items
2026-03-26 11:58:50 [INFO] [RSS] Yahoo News World: 50 items
2026-03-26 11:58:51 [INFO] [RSS] Kalaignar Seithigal: 1 items
2026-03-26 11:58:51 [INFO] [RSS] Google News World: 38 items
2026-03-26 11:58:52 [INFO] [RSS] ABP Asmita: 99 items
2026-03-26 11:58:52 [INFO] [RSS] Grofers Milkbasket: 100 items
2026-03-26 11:58:53 [INFO] [RSS] JioMart Updates: 47 items
2026-03-26 11:58:53 [INFO] [RSS] Flipkart Minutes: 100 items
2026-03-26 11:58:54 [INFO] [RSS] Amazon Fresh India: 100 items
2026-03-26 11:58:55 [INFO] [RSS] AP Disaster Alerts: 34 items
2026-03-26 11:58:56 [INFO] [RSS] IMD Weather Alerts: 1 items
2026-03-26 11:58:56 [INFO] [RSS] Assam Disaster Alerts: 68 items
2026-03-26 11:58:57 [INFO] [RSS] Arunachal Pradesh Disaster: 51 items
2026-03-26 11:58:58 [INFO] [RSS] Blinkit Blog: 10 items
2026-03-26 11:58:58 [INFO] [RSS] HP Disaster Alerts: 100 items
2026-03-26 11:58:58 [WARNING] [RSS] PIB Government Releases: 404 Not Found — https://pib.gov.in/rssfeed/rssfeeds.aspx
2026-03-26 11:58:58 [INFO] [RSS] Chhattisgarh Disaster Alerts: 5 items
2026-03-26 11:58:58 [INFO] [RSS] Haryana Disaster Alerts: 1 items
2026-03-26 11:58:58 [INFO] [RSS] Gujarat Disaster Alerts: 9 items
2026-03-26 11:58:59 [INFO] [RSS] Goa Disaster Alerts: 37 items
2026-03-26 11:58:59 [INFO] [RSS] Bihar Disaster Alerts: 7 items
2026-03-26 11:58:59 [INFO] [RSS] Kerala Disaster Alerts: 32 items
2026-03-26 11:58:59 [INFO] [RSS] MP Disaster Alerts: 1 items
2026-03-26 11:58:59 [INFO] [RSS] Karnataka Disaster Alerts: 49 items
2026-03-26 11:59:00 [INFO] [RSS] Manipur Disaster Alerts: 78 items
2026-03-26 11:59:02 [INFO] [RSS] Meghalaya Disaster Alerts: 52 items
2026-03-26 11:59:02 [INFO] [RSS] Mizoram Disaster Alerts: 52 items
2026-03-26 11:59:03 [INFO] [RSS] Nagaland Disaster Alerts: 54 items
2026-03-26 11:59:03 [INFO] [RSS] Odisha Disaster Alerts: 25 items
2026-03-26 11:59:03 [INFO] [RSS] Punjab Disaster Alerts: 11 items
2026-03-26 11:59:04 [INFO] [RSS] Rajasthan Disaster Alerts: 32 items
2026-03-26 11:59:04 [INFO] [RSS] Tripura Disaster Alerts: 52 items
2026-03-26 11:59:04 [INFO] [RSS] UP Disaster Alerts: 6 items
2026-03-26 11:59:04 [INFO] [RSS] Tamil Nadu Disaster Alerts: 9 items
2026-03-26 11:59:04 [INFO] [RSS] Chandigarh Alerts: 61 items
2026-03-26 11:59:04 [INFO] [RSS] Andaman Nicobar Alerts: 43 items
2026-03-26 11:59:05 [INFO] [RSS] JK Disaster Alerts: 46 items
2026-03-26 11:59:05 [INFO] [RSS] Uttarakhand Disaster Alerts: 97 items
2026-03-26 11:59:05 [INFO] [RSS] Sikkim Disaster Alerts: 54 items
2026-03-26 11:59:05 [INFO] [RSS] Telangana Disaster Alerts: 2 items
2026-03-26 11:59:05 [INFO] [RSS] DNH Daman Diu Alerts: 38 items
2026-03-26 11:59:05 [INFO] [RSS] Delhi Disaster Alerts: 5 items
2026-03-26 11:59:06 [INFO] [RSS] Lakshadweep Alerts: 26 items
2026-03-26 11:59:06 [INFO] [RSS] Ladakh Disaster Alerts: 9 items
2026-03-26 11:59:06 [INFO] [RSS] Puducherry Disaster Alerts: 28 items
2026-03-26 11:59:15 [WARNING] [RSS] Reddit India: HTTP 403 — https://www.reddit.com/r/india/.rss
2026-03-26 11:59:15 [WARNING] [FeedHealth] DISABLED after 5 failures: Reddit India
2026-03-26 11:59:16 [WARNING] [RSS] Reddit World News: HTTP 403 — https://www.reddit.com/r/worldnews/.rss
2026-03-26 11:59:16 [WARNING] [FeedHealth] DISABLED after 5 failures: Reddit World News
2026-03-26 11:59:21 [INFO] [Fetch] Complete: +40 new articles saved | 2026-03-26 11:59:21
2026-03-26 12:04:21 [INFO] [Fetch] Starting: 146 feeds
2026-03-26 12:04:25 [INFO] [RSS] Money Control: 15 items
2026-03-26 12:04:25 [INFO] [RSS] Times of India: 20 items
2026-03-26 12:04:25 [INFO] [RSS] TOI Business: 20 items
2026-03-26 12:04:25 [INFO] [RSS] ET Markets: 50 items
2026-03-26 12:04:25 [INFO] [RSS] The Hindu: 60 items
2026-03-26 12:04:25 [INFO] [RSS] Mint: 35 items
2026-03-26 12:04:25 [INFO] [RSS] TOI India: 20 items
2026-03-26 12:04:26 [INFO] [RSS] Google: 38 items
2026-03-26 12:04:26 [INFO] [RSS] Indian Express: 200 items
2026-03-26 12:04:26 [INFO] [RSS] News18 India: 200 items
2026-03-26 12:04:27 [INFO] [RSS] IE Business: 200 items
2026-03-26 12:04:27 [INFO] [RSS] Economic Times: 76 items
2026-03-26 12:04:27 [INFO] [RSS] NDTV India: 20 items
2026-03-26 12:04:27 [INFO] [RSS] NDTV Business: 20 items
2026-03-26 12:04:27 [INFO] [RSS] NDTV Top Stories: 20 items
2026-03-26 12:04:28 [INFO] [RSS] India TV: 20 items
2026-03-26 12:04:28 [INFO] [RSS] News18 India: 200 items
2026-03-26 12:04:28 [INFO] [RSS] Rediff News: 51 items
2026-03-26 12:04:29 [INFO] [RSS] India Today: 128 items
2026-03-26 12:04:29 [INFO] [RSS] Asianet News Kerala: 4 items
2026-03-26 12:04:29 [INFO] [RSS] Public TV Karnataka: 10 items
2026-03-26 12:04:29 [INFO] [RSS] Greater Kashmir: 10 items
2026-03-26 12:04:29 [INFO] [RSS] TOI Hyderabad: 20 items
2026-03-26 12:04:30 [INFO] [RSS] TOI Delhi: 20 items
2026-03-26 12:04:30 [INFO] [RSS] Odisha TV: 50 items
2026-03-26 12:04:30 [INFO] [RSS] TOI Mumbai: 20 items
2026-03-26 12:04:30 [INFO] [RSS] TOI Chennai: 20 items
2026-03-26 12:04:30 [INFO] [RSS] TOI Bangalore: 20 items
2026-03-26 12:04:30 [INFO] [RSS] Lokmat: 100 items
2026-03-26 12:04:31 [INFO] [RSS] TOI Kolkata: 20 items
2026-03-26 12:04:31 [INFO] [RSS] OneIndia: 30 items
2026-03-26 12:04:33 [INFO] [RSS] USGS Earthquake: 254 items
2026-03-26 12:04:34 [INFO] [RSS] GDACS Disaster: 100 items
2026-03-26 12:04:34 [INFO] [RSS] PowerGrid Corporation: 100 items
2026-03-26 12:04:34 [INFO] [RSS] SEBI News: 30 items
2026-03-26 12:04:34 [INFO] [RSS] RBI Press Releases: 80 items
2026-03-26 12:04:34 [INFO] [RSS] WHO News: 25 items
2026-03-26 12:04:34 [INFO] [RSS] POSOCO Grid Operator: 50 items
2026-03-26 12:04:35 [INFO] [RSS] PRS Legislative: 38 items
2026-03-26 12:04:35 [INFO] [RSS] Energy News India: 10 items
2026-03-26 12:04:35 [INFO] [RSS] ReliefWeb India: 20 items
2026-03-26 12:04:37 [INFO] [RSS] TSSPDCL Telangana: 100 items
2026-03-26 12:04:38 [INFO] [RSS] Telangana Today: 500 items
2026-03-26 12:04:38 [INFO] [RSS] CESC Kolkata: 42 items
2026-03-26 12:04:38 [INFO] [RSS] TANGEDCO Tamil Nadu: 100 items
2026-03-26 12:04:39 [INFO] [RSS] HESCOM Power News: 16 items
2026-03-26 12:04:39 [INFO] [RSS] Thanthi TV: 87 items
2026-03-26 12:04:39 [INFO] [RSS] MSEDCL Maharashtra: 100 items
2026-03-26 12:04:40 [INFO] [RSS] MESCOM Power News: 49 items
2026-03-26 12:04:41 [INFO] [RSS] Zepto Blog: 10 items
2026-03-26 12:04:42 [INFO] [RSS] TV9 Telugu: 60 items
2026-03-26 12:04:42 [INFO] [RSS] BESCOM Power Cut News: 100 items
2026-03-26 12:04:42 [INFO] [RSS] 24 News Malayalam: 10 items
2026-03-26 12:04:42 [INFO] [RSS] NTV Telugu: 60 items
2026-03-26 12:04:43 [INFO] [RSS] Sakshi TV: 54 items
2026-03-26 12:04:43 [INFO] [RSS] TV9 Kannada: 60 items
2026-03-26 12:04:45 [INFO] [RSS] TV9 Marathi: 60 items
2026-03-26 12:04:45 [INFO] [RSS] ABP Majha: 100 items
2026-03-26 12:04:45 [INFO] [RSS] Swiggy Blog: 10 items
2026-03-26 12:04:47 [INFO] [RSS] TV9 Gujarati: 50 items
2026-03-26 12:04:47 [INFO] [RSS] Kalaignar Seithigal: 1 items
2026-03-26 12:04:48 [INFO] [RSS] ABP Asmita: 99 items
2026-03-26 12:04:49 [INFO] [RSS] V6 News Telangana: 50 items
2026-03-26 12:04:50 [INFO] [RSS] Google News World: 38 items
2026-03-26 12:04:51 [INFO] [RSS] Yahoo News World: 50 items
2026-03-26 12:04:52 [INFO] [RSS] JioMart Updates: 47 items
2026-03-26 12:04:52 [INFO] [RSS] Grofers Milkbasket: 100 items
2026-03-26 12:04:53 [INFO] [RSS] Zee 24 Ghanta: 100 items
2026-03-26 12:04:53 [INFO] [RSS] Google News India: 38 items
2026-03-26 12:04:54 [INFO] [RSS] Flipkart Minutes: 100 items
2026-03-26 12:04:55 [INFO] [RSS] Amazon Fresh India: 100 items
2026-03-26 12:04:55 [INFO] [RSS] IMD Weather Alerts: 1 items
2026-03-26 12:04:55 [INFO] [RSS] Arunachal Pradesh Disaster: 70 items
2026-03-26 12:04:55 [INFO] [RSS] Bihar Disaster Alerts: 7 items
2026-03-26 12:04:55 [INFO] [RSS] Assam Disaster Alerts: 68 items
2026-03-26 12:04:56 [INFO] [RSS] AP Disaster Alerts: 34 items
2026-03-26 12:04:56 [INFO] [RSS] Haryana Disaster Alerts: 1 items
2026-03-26 12:04:56 [INFO] [RSS] Chhattisgarh Disaster Alerts: 5 items
2026-03-26 12:04:57 [INFO] [RSS] HP Disaster Alerts: 100 items
2026-03-26 12:04:57 [INFO] [RSS] Goa Disaster Alerts: 38 items
2026-03-26 12:04:58 [INFO] [RSS] Gujarat Disaster Alerts: 9 items
2026-03-26 12:04:59 [INFO] [RSS] Kerala Disaster Alerts: 32 items
2026-03-26 12:04:59 [INFO] [RSS] MP Disaster Alerts: 1 items
2026-03-26 12:04:59 [INFO] [RSS] Karnataka Disaster Alerts: 49 items
2026-03-26 12:05:01 [INFO] [RSS] Mizoram Disaster Alerts: 52 items
2026-03-26 12:05:01 [INFO] [RSS] Manipur Disaster Alerts: 78 items
2026-03-26 12:05:01 [INFO] [RSS] Odisha Disaster Alerts: 25 items
2026-03-26 12:05:02 [INFO] [RSS] Punjab Disaster Alerts: 11 items
2026-03-26 12:05:02 [INFO] [RSS] Nagaland Disaster Alerts: 53 items
2026-03-26 12:05:02 [INFO] [RSS] Sikkim Disaster Alerts: 54 items
2026-03-26 12:05:02 [INFO] [RSS] Meghalaya Disaster Alerts: 52 items
2026-03-26 12:05:03 [INFO] [RSS] Telangana Disaster Alerts: 2 items
2026-03-26 12:05:03 [INFO] [RSS] Rajasthan Disaster Alerts: 32 items
2026-03-26 12:05:03 [INFO] [RSS] Tamil Nadu Disaster Alerts: 9 items
2026-03-26 12:05:04 [INFO] [RSS] Blinkit Blog: 10 items
2026-03-26 12:05:04 [INFO] [RSS] Uttarakhand Disaster Alerts: 99 items
2026-03-26 12:05:04 [INFO] [RSS] UP Disaster Alerts: 6 items
2026-03-26 12:05:04 [INFO] [RSS] Tripura Disaster Alerts: 52 items
2026-03-26 12:05:04 [INFO] [RSS] Andaman Nicobar Alerts: 43 items
2026-03-26 12:05:04 [INFO] [RSS] DNH Daman Diu Alerts: 38 items
2026-03-26 12:05:05 [INFO] [RSS] Chandigarh Alerts: 61 items
2026-03-26 12:05:05 [INFO] [RSS] Lakshadweep Alerts: 13 items
2026-03-26 12:05:05 [INFO] [RSS] Ladakh Disaster Alerts: 9 items
2026-03-26 12:05:05 [INFO] [RSS] Delhi Disaster Alerts: 5 items
2026-03-26 12:05:05 [INFO] [RSS] JK Disaster Alerts: 46 items
2026-03-26 12:05:06 [INFO] [RSS] Puducherry Disaster Alerts: 28 items
2026-03-26 12:05:19 [INFO] [Fetch] Complete: +36 new articles saved | 2026-03-26 12:05:19
